\BOOKMARK [1][-]{section.1}{Projektplanering}{}% 1
\BOOKMARK [2][-]{subsection.1.1}{Kort projektbeskrivning}{section.1}% 2
\BOOKMARK [2][-]{subsection.1.2}{Utvecklingsmetodik}{section.1}% 3
\BOOKMARK [2][-]{subsection.1.3}{Grov tidplan}{section.1}% 4
\BOOKMARK [2][-]{subsection.1.4}{Betygsambitioner}{section.1}% 5
\BOOKMARK [1][-]{section.2}{Konceptskiss}{}% 6
\BOOKMARK [1][-]{section.3}{Kravlista}{}% 7
\BOOKMARK [1][-]{section.4}{Implementation}{}% 8
\BOOKMARK [2][-]{subsection.4.1}{Processbeskrivning}{section.4}% 9
\BOOKMARK [2][-]{subsection.4.2}{Abstrakta datatyper}{section.4}% 10
\BOOKMARK [3][-]{subsubsection.4.2.1}{Flying-unit}{subsection.4.2}% 11
\BOOKMARK [4][-]{subsubsubsection.4.2.1}{Player}{subsubsection.4.2.1}% 12
\BOOKMARK [4][-]{subsubsubsection.4.2.2}{Buff}{subsubsection.4.2.1}% 13
\BOOKMARK [4][-]{subsubsubsection.4.2.3}{Entities}{subsubsection.4.2.1}% 14
\BOOKMARK [3][-]{subsubsection.4.2.2}{World}{subsection.4.2}% 15
\BOOKMARK [3][-]{subsubsection.4.2.3}{HUD}{subsection.4.2}% 16
\BOOKMARK [3][-]{subsubsection.4.2.4}{Background}{subsection.4.2}% 17
\BOOKMARK [3][-]{subsubsection.4.2.5}{Button}{subsection.4.2}% 18
\BOOKMARK [2][-]{subsection.4.3}{Testning}{section.4}% 19
\BOOKMARK [1][-]{section.5}{Tidsrapportering}{}% 20
\BOOKMARK [2][-]{subsection.5.1}{Gustav Danielsson}{section.5}% 21
\BOOKMARK [2][-]{subsection.5.2}{Marcus Dahlqvist}{section.5}% 22
