\BOOKMARK [1][-]{section.1}{Projektplanering}{}% 1
\BOOKMARK [2][-]{subsection.1.1}{Kort projektbeskrivning}{section.1}% 2
\BOOKMARK [2][-]{subsection.1.2}{T\344nkt anv\344ndarfall}{section.1}% 3
\BOOKMARK [2][-]{subsection.1.3}{Utvecklingsmetodik}{section.1}% 4
\BOOKMARK [2][-]{subsection.1.4}{Grov tidplan}{section.1}% 5
\BOOKMARK [2][-]{subsection.1.5}{Betygsambitioner}{section.1}% 6
\BOOKMARK [1][-]{section.2}{Konceptskiss}{}% 7
\BOOKMARK [1][-]{section.3}{Kravlista}{}% 8
\BOOKMARK [1][-]{section.4}{Implementation}{}% 9
\BOOKMARK [2][-]{subsection.4.1}{Processbeskrivning}{section.4}% 10
\BOOKMARK [2][-]{subsection.4.2}{Abstrakta datatyper}{section.4}% 11
\BOOKMARK [3][-]{subsubsection.4.2.1}{Flying-unit}{subsection.4.2}% 12
\BOOKMARK [4][-]{subsubsubsection.4.2.1}{Player}{subsubsection.4.2.1}% 13
\BOOKMARK [4][-]{subsubsubsection.4.2.2}{Buff}{subsubsection.4.2.1}% 14
\BOOKMARK [4][-]{subsubsubsection.4.2.3}{Entities}{subsubsection.4.2.1}% 15
\BOOKMARK [3][-]{subsubsection.4.2.2}{World}{subsection.4.2}% 16
\BOOKMARK [3][-]{subsubsection.4.2.3}{HUD}{subsection.4.2}% 17
\BOOKMARK [3][-]{subsubsection.4.2.4}{Background}{subsection.4.2}% 18
\BOOKMARK [3][-]{subsubsection.4.2.5}{Button}{subsection.4.2}% 19
\BOOKMARK [3][-]{subsubsection.4.2.6}{Vector}{subsection.4.2}% 20
\BOOKMARK [3][-]{subsubsection.4.2.7}{Matrix}{subsection.4.2}% 21
\BOOKMARK [2][-]{subsection.4.3}{Testning}{section.4}% 22
\BOOKMARK [1][-]{section.5}{Utv\344rderingar och erfarenheter}{}% 23
